<?xml version="1.0" encoding="UTF-8"?>
<!-- Generated by org.testng.reporters.JUnitReportReporter -->
<testsuite hostname="DESKTOP-Q0O44GO" failures="0" tests="3" name="com.amazon.test.Locators_facebook" time="1.426" errors="0" timestamp="2021-04-23T13:34:41 CDT" skipped="0">
  <testcase classname="com.amazon.test.Locators_facebook" name="signinlinktextTest" time="1.269"/>
  <testcase classname="com.amazon.test.Locators_facebook" name="idTest" time="0.095"/>
  <testcase classname="com.amazon.test.Locators_facebook" name="nameTest" time="0.062"/>
</testsuite> <!-- com.amazon.test.Locators_facebook -->
